[RUN #0 5 5]
873 449 7 -804 -689
-343 -621 -542 524 -584
973 -835 156 866 -402
-233 963 -547 -84 610
-31 764 437 -188 306
[RUN #1 10 5]
-302 795 377 -565 -160 -891 -415 -944 -292 787
-928 -516 -42 605 11 407 -73 94 483 619
195 -183 233 58 722 531 826 -586 -613 491
671 -461 -969 -972 -636 10 -631 374 -375 235
754 862 781 171 210 -409 -480 936 -950 139
[RUN #2 10 10]
-818 -999 -778 740 -374 927 19 718 -679 -461
948 589 -26 348 557 -380 50 -629 543 -955
-734 -454 -114 446 711 439 529 -909 -94 54
-383 696 -990 270 -598 -194 -568 614 -551 405
-798 436 -251 146 -446 -889 -271 -43 -467 495
467 661 699 -762 -602 -445 724 -91 -40 -196
631 333 -297 686 491 604 -558 166 163 331
-573 -193 -404 -709 -142 84 -603 -5 987 -14
941 -409 -293 -620 -341 -253 705 546 -19 -949
921 -452 5 22 904 223 992 160 537 -871
[RUN #3 10 25]
695 475 903 -116 -249 -794 471 173 894 245
-609 -554 767 -106 500 13 110 955 -161 -65
259 -694 -758 962 -901 -287 -611 -980 104 426
-318 596 477 107 -911 -394 -931 -142 681 993
-459 248 -23 571 -851 -167 902 -871 -963 -857
484 594 -485 -372 -861 774 545 142 274 -550
-129 216 -95 -333 156 -170 -240 398 986 -464
198 587 980 431 134 -149 -157 -616 823 -322
-174 653 -65 342 -97 438 594 -646 501 116
-699 343 622 125 650 418 -907 -496 688 858
186 -59 -776 467 243 -523 462 -883 -252 -677
-110 183 -294 -634 -496 318 912 404 313 90
-886 302 891 -124 -302 368 59 -929 -543 -595
994 -757 379 127 -195 915 -2 767 128 59
-872 -63 -744 841 -25 -627 -417 -952 321 707
-346 631 98 58 306 798 367 520 -212 167
999 36 -943 438 -879 641 805 -338 921 914
-835 -781 603 97 -196 721 611 186 -683 -497
-96 381 782 -369 197 974 366 222 -401 373
-37 764 566 -817 738 191 -744 278 -564 266
-234 481 -914 -973 245 530 716 -293 -187 129
-481 -700 -961 -288 26 979 -371 -284 -282 707
-89 213 -191 164 -891 -741 -146 548 -694 -689
-730 70 838 263 -204 845 539 378 10 -170
-95 459 -301 -467 863 -459 -756 247 91 -850
[RUN #4 10 100]
885 -44 971 -433 -548 397 -22 -544 687 -892
779 -573 -978 -193 677 -515 -626 -205 770 799
-601 640 -800 561 -383 843 -866 325 848 510
963 143 -176 -728 178 89 -803 421 -300 -289
-471 -425 -788 -491 514 -695 -51 -23 -257 -945
912 -897 576 369 -161 -554 -449 383 92 -748
-373 -98 618 158 534 -19 222 26 -65 625
-358 579 686 -471 -194 828 290 -838 -283 47
891 -462 190 -258 476 -807 841 -399 141 -269
-46 -153 509 154 -711 -677 890 732 342 -366
301 228 180 148 305 355 57 -494 -441 872
-116 863 -266 -300 -470 745 179 -365 -359 956
-510 763 994 -492 600 -947 209 -780 -729 981
-806 -462 895 -174 561 489 -62 -335 814 -92
-338 -978 991 719 596 762 786 984 -455 783
-219 693 694 119 -468 848 828 -786 550 329
732 -158 773 885 -989 815 -541 -184 -470 -908
836 -617 -858 -749 -297 -488 224 -456 750 358
-155 643 -668 881 532 -26 -542 998 -162 3
-403 -468 -240 -289 738 -482 -155 768 -449 906
17 634 -39 99 -363 -160 500 -3 222 202
-919 662 927 320 -814 399 -709 576 876 -501
-73 -934 -409 -729 -187 -598 798 -868 -650 -100
-686 -268 -663 371 196 -829 -609 651 601 220
-741 -805 -199 599 269 -26 -549 521 584 627
419 589 -965 639 454 253 808 727 864 -493
713 -707 804 -931 199 862 404 155 500 144
978 889 818 -311 -140 557 -565 -224 -238 -893
-649 -345 996 285 479 195 -583 -696 -38 200
-238 759 -133 385 858 920 -370 247 911 -557
17 -897 212 480 647 -935 671 -812 523 -514
-50 139 -600 660 772 796 812 -372 -306 152
-573 -777 478 441 -67 -721 -108 -768 -548 50
970 477 -350 510 298 -54 -59 965 196 359
-924 -337 -117 -383 695 -715 339 -974 950 903
-571 -603 27 1 -583 -364 318 336 169 -827
811 -185 967 782 847 -472 -820 -124 825 26
858 572 139 989 647 -693 -537 273 -547 -781
-534 986 -272 743 150 -168 -983 -4 286 -144
729 -818 -354 -813 -368 892 -996 138 -64 -679
-221 -183 109 938 -322 998 492 -729 -553 -869
944 -477 332 501 -767 181 282 576 277 -948
-782 -47 355 -427 -994 232 -850 82 345 716
536 -714 -8 -439 430 346 -409 828 377 -846
277 -237 233 -866 -558 -611 989 212 917 736
173 547 -935 -467 301 -981 126 241 -661 905
196 152 -337 -609 -893 -453 -558 944 819 -628
-435 184 -935 497 -813 -781 31 139 757 -418
563 272 940 -11 783 491 -193 -82 -845 217
-54 -640 408 547 -670 -646 -898 236 -797 -355
-535 -201 589 743 905 -944 66 182 -373 -702
-57 889 391 770 468 522 -893 -555 -391 -668
-454 -473 880 -690 -933 883 274 823 109 -120
-699 589 -718 -424 -705 131 -134 -252 656 -352
154 -593 -726 -836 -602 350 84 441 -944 751
873 171 -157 -108 251 667 -725 -569 -577 -954
218 -974 -703 -809 47 -888 -973 -978 595 -10
385 416 -434 129 762 630 331 610 928 -184
561 -102 322 -54 -937 75 753 488 -42 372
-299 -686 896 -791 -680 711 996 -694 -432 -165
460 637 -51 674 -490 965 954 -659 125 22
914 654 288 979 685 999 -307 -50 -267 129
134 554 594 -928 532 -935 899 -383 990 635
437 329 -221 858 -797 206 -67 -87 176 -354
-181 203 320 379 -306 -919 396 -293 723 -71
344 147 39 924 395 404 -662 1 269 707
-44 924 152 -709 488 397 -880 793 424 -460
391 -362 664 442 698 389 803 93 830 -745
322 -292 735 200 -876 832 -369 -871 -889 931
-297 264 -228 597 895 966 385 -806 404 -709
744 973 -587 -499 -859 413 -465 -786 84 388
253 413 -761 251 -242 804 -500 574 13 694
-348 -694 82 -882 -546 953 188 100 336 1
407 748 708 -370 333 -448 -956 534 -111 -957
10 -631 -850 729 -803 788 -239 -624 -381 -669
-142 363 -549 -673 656 432 -273 -195 -391 396
897 907 925 -424 -328 287 170 297 -412 570
-104 -118 -200 -885 -263 -710 624 4 -814 233
-234 768 55 -193 -326 855 -780 -455 671 586
65 678 -317 -565 -752 158 -931 -389 -628 -691
-445 -825 28 -446 -734 827 -829 946 42 -234
197 831 -431 558 -908 -581 -276 -345 467 -138
-873 168 -175 927 -271 409 -183 -26 396 891
-909 374 -729 19 182 509 303 510 -720 -272
610 581 -855 -252 -814 -695 -363 -498 279 -924
-298 -776 -960 -175 -85 -645 444 -603 -396 259
222 -384 507 376 424 -520 -884 522 -212 -386
264 -8 -544 -732 -697 743 -412 649 -325 152
375 -24 -849 711 751 846 -695 481 -251 -210
566 496 848 122 -598 736 -369 -355 -425 687
640 -760 -182 -616 -708 -126 636 -644 -256 705
-813 -206 -149 517 736 496 831 760 920 574
104 -676 -605 331 233 -254 -455 744 470 -856
-660 537 -282 943 -606 -895 -640 836 769 194
-737 -730 -376 -649 555 -670 685 -779 148 942
-432 -652 -291 588 954 120 -916 226 324 706
-731 292 568 58 -82 -958 -533 -74 -318 584
-124 -408 460 -478 504 -825 -693 592 439 93
-346 197 -488 261 -481 605 922 -212 -998 93
-566 35 -352 126 675 569 418 -428 449 295
[RUN #5 80 5]
633 -163 212 44 -527 892 -324 454 527 -427 -841 460 202 -430 772 225 -506 589 -460 -269 710 666 652 805 812 -734 158 987 840 -461 -177 -541 369 -394 726 -840 -959 -371 8 927 -972 -332 -990 816 907 -914 109 554 -663 -834 -171 -931 -214 179 -289 575 -498 -181 903 -376 150 292 -624 -724 -898 877 556 856 690 -188 -597 372 -372 794 -610 940 -213 719 165 -743
-297 -908 -770 56 -208 -747 -126 -62 -509 -567 347 692 402 108 -154 445 -528 -635 399 -328 -11 997 -923 -685 548 405 -830 -766 -532 -480 611 307 -263 1 -163 50 -36 -96 -215 -65 -261 24 -520 98 190 6 -968 322 -687 101 -158 558 429 812 350 -691 -547 466 -434 -915 -281 593 -837 369 651 -187 407 -87 -356 988 439 -667 364 824 140 857 -103 26 683 -989
-129 498 574 -904 971 -997 -329 355 6 839 -667 -962 291 -135 -313 -118 -868 329 708 -599 -292 -3 490 -665 -37 595 -507 931 302 659 688 560 -202 -130 622 -233 194 -672 -950 -581 172 -173 -601 -93 565 -250 633 -393 244 -721 -653 -952 -965 -300 538 -631 -603 -72 -987 844 313 -890 761 -855 644 -939 246 -985 446 991 -494 -929 536 207 5 840 537 556 896 -57
481 230 -730 -884 -335 899 59 548 -932 -680 579 -281 351 337 909 -426 -858 263 -137 -183 796 -929 354 -739 -867 923 -774 -861 150 -391 -734 -882 -33 -721 -773 -853 505 883 -544 855 905 387 -535 554 38 663 381 382 -548 -755 867 769 178 -21 781 -396 538 -780 -104 986 238 -711 861 -799 272 988 -210 -122 245 183 472 176 -257 903 -877 -851 -217 -422 -883 602
-236 569 -455 619 -781 468 -377 -877 807 481 815 884 -614 -454 -726 -563 -938 -394 718 -477 165 544 342 614 -509 -759 958 859 -146 -470 866 139 734 -815 -507 439 -961 -154 -129 897 -153 47 724 -635 -878 -266 340 736 399 13 -587 -142 553 -751 947 -705 -109 213 591 624 -650 649 296 -83 -556 -995 -400 -324 559 628 -744 359 658 -730 -844 -194 -503 50 -472 890
[RUN #6 50 5]
624 533 255 708 373 -233 829 68 -41 -538 -508 -241 -516 35 -463 168 -928 -24 -432 181 154 -425 295 546 -71 -161 -638 869 -931 560 716 670 -281 -680 -384 -853 840 617 -466 -953 -644 -816 -952 912 775 -563 445 664 -222 94
293 -678 -94 144 631 -62 525 778 58 -165 441 -810 750 -827 24 -628 665 532 -903 -531 923 -131 122 950 527 222 -18 957 -200 528 445 115 -348 -567 -645 -102 784 234 -671 861 2 263 -579 781 559 -695 342 450 157 338
-931 37 -177 -848 -899 234 -8 -917 -16 -585 -260 528 47 906 -556 -468 447 -176 527 -339 245 134 -806 879 16 -379 -571 -565 115 -163 149 -727 74 624 989 -786 -788 135 -64 481 94 -250 -391 131 -282 -824 577 -576 208 -954
460 -864 381 670 -734 87 -460 -93 937 -357 -870 -71 -514 -716 -751 529 -916 707 -396 -682 122 507 827 753 -910 895 228 184 -440 898 -775 555 -888 596 -649 523 -259 -341 -815 929 250 852 517 167 26 991 803 378 -318 230
824 -458 -593 519 -841 580 -720 -511 -130 619 181 -390 -55 180 -781 338 -158 -226 -565 -369 -334 -2 -72 731 976 866 251 758 829 -352 740 334 -596 -222 375 423 833 -675 335 268 313 -648 44 684 -952 -475 -656 905 -423 -228
[RUN #7 60 5]
838 -246 146 549 42 79 -854 753 388 60 -295 184 -979 -25 -395 589 465 979 -703 -457 -508 954 987 -707 463 222 852 5 650 717 518 736 -517 -782 -964 -248 -13 0 -706 45 -524 -384 -987 -77 980 548 639 -993 -594 -748 -934 -341 -995 -108 -426 -28 110 303 -773 915
-469 235 370 517 -847 563 -582 491 -278 -39 -503 47 471 -291 330 482 871 -907 936 694 646 -682 -837 -881 -335 463 -721 633 71 250 -852 -443 179 572 -128 -154 144 642 -676 -937 188 981 -622 510 -551 64 402 -111 616 647 39 966 962 -930 -619 -365 -2 352 -983 -573
-373 -197 426 -635 33 892 44 520 -326 -279 -739 -856 -341 267 -209 -744 -443 613 -133 841 -719 912 -587 94 531 241 428 957 449 644 692 -412 -156 -855 -204 221 -242 -546 808 -124 -457 -248 -702 -7 266 -31 521 -158 766 -763 402 -979 291 78 25 -633 -211 366 -309 -499
480 399 -452 32 -329 996 926 -560 -160 533 465 -899 -117 -942 47 -588 802 656 -240 -1 -698 262 71 -887 -824 755 791 -57 270 665 959 801 -954 960 -151 990 753 466 -475 -119 251 931 145 336 830 563 856 927 -414 -742 -910 -755 -473 -248 18 659 223 -170 985 796
-750 142 -863 -284 798 816 -818 706 -383 753 504 96 532 517 772 425 769 855 242 -703 619 874 -245 92 -409 401 968 -292 310 -37 818 -777 -350 777 -708 660 501 -632 928 -629 804 -662 -815 71 608 -676 306 -576 510 307 330 -545 177 193 -918 850 -831 88 -366 160
[RUN #8 70 5]
30 643 -268 -929 -48 99 374 419 42 -910 -983 -859 287 -620 418 198 -904 -644 111 -347 637 -67 -194 -674 5 655 -637 -227 -687 -271 432 122 869 677 526 229 -694 532 -251 -712 698 -77 973 -373 -560 -561 -207 439 152 840 -416 570 -961 -203 -633 -615 415 -673 -515 970 -229 518 345 662 758 -846 -424 987 484 -804
841 -134 -157 -854 636 -288 -592 548 593 717 273 -41 -54 109 79 149 223 -519 -424 385 754 -14 340 275 -251 988 26 265 983 561 397 -337 531 -285 812 875 -600 135 -540 750 -872 224 -617 469 -247 -705 -240 -409 -543 777 234 -135 -81 -391 -823 706 -601 -832 -224 152 101 -949 -302 -936 443 -405 803 -659 616 -724
42 -916 -715 299 575 -588 -936 760 554 -960 -417 -925 945 220 -707 -952 -16 -384 145 135 -169 -385 456 -362 -837 -776 625 227 774 838 52 -100 305 -607 -558 995 -134 941 574 779 376 980 -15 -910 458 -930 140 -958 204 979 -229 561 -680 -968 -383 334 -17 -273 179 -490 -256 884 -158 36 959 326 -497 -648 527 412
225 230 575 518 690 514 -128 -913 944 -409 387 363 -371 500 -458 130 693 806 301 572 -689 785 -899 -882 -979 -363 186 -982 707 234 -309 434 950 -609 -700 -625 -10 773 -298 -96 141 -120 501 -266 214 695 -946 -169 170 438 176 231 -65 -820 -764 565 544 298 -482 -342 -472 961 290 -174 -329 684 -189 -958 901 157
944 377 -423 -376 -142 651 967 -16 -368 -967 191 723 -369 -736 -120 -176 -115 -635 -9 -507 417 -755 817 -817 -939 496 133 883 245 230 113 924 -252 -466 -250 -554 95 951 926 921 501 -808 -426 165 -692 -717 -673 -410 111 693 178 -114 686 -997 -470 642 237 76 167 -592 465 564 276 -467 738 -679 -150 -171 -23 -26
[RUN #9 80 5]
-362 204 958 412 -450 -525 -288 567 440 -701 812 802 327 -534 749 -257 239 -892 -113 725 -429 519 -630 633 -388 -416 -685 -441 665 -339 265 20 550 712 889 511 138 -807 -481 228 -262 -454 -867 -332 -556 -387 -616 506 326 -515 -439 324 -2 536 968 155 76 -256 -723 337 -325 -48 -205 -501 358 -316 876 286 680 194 213 94 464 -909 -887 351 772 -779 -557 -822
915 -364 -42 -724 -477 -792 3 -955 -102 918 435 68 -582 19 625 -763 -884 995 -610 -872 -330 950 -909 306 -488 -960 575 -782 -390 592 537 -441 636 147 557 -186 -619 921 644 174 -309 -503 654 -468 -316 -805 151 -652 726 -80 -444 -465 -50 -394 453 -258 946 568 148 -216 590 443 494 -789 862 865 689 -193 -310 -991 335 -969 472 11 276 -261 659 159 -745 -629
429 -555 -878 -83 249 -618 349 -813 744 -99 -728 -292 -428 996 -576 -892 -307 -226 837 892 -229 -729 -792 -323 736 -60 627 458 -693 -485 174 -705 -643 983 237 929 557 -273 -506 -989 -450 -915 -291 872 675 127 49 89 759 347 -188 -785 124 101 639 -23 463 118 -106 911 344 -554 -102 -265 648 -235 -893 -92 742 -441 383 374 -262 452 -171 142 65 282 257 617
485 -965 312 -92 844 -116 291 -499 -384 -367 -227 358 -455 -954 -199 961 493 360 -572 225 954 -157 670 -230 20 216 -379 -374 -660 48 310 -791 -988 201 -992 -787 -19 615 -675 -430 268 -181 50 -690 -734 -578 -811 -991 -716 -680 -905 -146 -970 158 -586 204 603 481 -818 637 -589 355 -418 678 826 259 -741 -714 -426 918 338 -265 306 782 -28 724 478 -650 454 733
-415 347 356 -449 544 968 362 -472 315 -655 314 958 -393 -413 357 986 -296 943 340 85 -826 530 487 -211 -301 768 774 -497 -38 -641 243 726 -175 825 -67 349 -66 -504 -48 450 638 -75 -348 139 -520 -402 -781 199 884 -407 -868 -543 662 -118 -378 -523 -902 69 -148 822 990 984 -116 336 110 337 32 -665 153 -105 -137 -398 -278 -78 146 925 778 -99 480 154
[RUN #10 75 5]
981 -41 -163 664 632 732 895 -907 731 238 338 -202 325 -603 -194 -850 -87 178 -257 -840 -65 -444 -235 -713 -217 687 -353 46 -773 170 -845 -512 166 -29 675 959 259 -50 -893 16 -276 366 -365 -809 41 397 -427 218 235 -316 454 244 435 -46 709 -390 411 348 -459 -702 349 -435 -201 -566 -210 374 658 578 -935 77 -72 -675 883 700 831
114 983 -384 -197 -162 683 -640 833 654 -507 32 732 -925 -647 974 593 -164 -559 -800 -620 -45 -251 -991 269 -885 141 920 -853 227 -558 129 -82 949 -613 -966 -59 -393 533 -177 -845 -271 793 -759 518 -327 -797 461 -622 508 -227 649 -555 -235 919 -723 75 767 672 905 352 -466 -115 189 307 -240 215 610 -532 60 552 904 -753 -277 419 -171
3 31 616 -767 191 -809 882 -832 -657 292 462 -974 -18 769 648 999 76 732 -167 121 229 272 -551 75 -743 -55 -699 -423 441 -564 -123 -71 -152 -524 984 -304 497 -158 767 -640 -840 23 881 726 -370 66 -766 407 582 556 -785 -210 996 46 515 -964 796 337 -769 664 944 -284 -202 -79 -302 -663 -401 -922 756 780 681 -808 366 899 -207
435 -201 -981 129 -512 -42 201 54 864 963 -304 -46 605 488 7 -402 -931 557 -47 403 11 484 -117 -851 870 363 -919 931 722 -345 718 -528 -657 796 757 362 694 -529 261 998 651 -393 -455 175 -553 685 -785 631 360 652 -341 -492 -951 -668 323 -155 124 -39 -475 724 23 525 693 -700 291 -208 -620 726 -953 -336 -415 333 448 -526 -760
-852 249 -719 -234 10 -931 468 -23 -597 -603 -893 275 173 -178 562 -669 -663 -339 -475 -392 -634 375 -109 -787 773 168 -243 -562 -696 967 323 653 -71 -398 358 -405 851 -306 992 -432 -438 790 -199 118 51 -714 -324 -210 306 229 198 434 -408 758 325 847 592 33 459 -691 -294 784 -682 345 175 9 892 219 170 605 -307 389 565 -856 -601
[RUN #11 100 5]
-525 -681 -608 -408 -416 -20 -612 247 -637 -120 943 608 -465 365 -128 -54 568 953 -703 495 49 993 321 760 221 311 -210 -370 458 833 297 863 739 -512 -691 229 136 -946 561 399 -750 -148 -241 -278 -844 601 799 -875 403 -912 -91 -85 -172 794 -641 128 -76 81 274 -132 -99 -314 428 -494 -40 607 285 -140 -930 476 108 -49 248 717 923 -112 616 -388 823 93 211 -533 -131 109 827 -100 988 691 438 -863 -952 -221 -105 652 967 200 91 -67 874 841
-34 -568 20 415 198 -492 662 855 84 -714 600 -842 -306 -918 -437 813 613 905 -817 171 -640 -120 -509 233 -304 -223 -384 324 621 -48 -748 -221 -46 -515 689 880 149 541 325 -956 292 -41 -166 -667 590 407 994 948 274 494 345 -59 -154 961 950 -42 -382 788 424 -93 970 -866 -533 -476 -205 143 -403 752 -855 -400 -143 227 664 987 560 -55 27 -513 451 770 -257 -869 367 -843 255 -836 816 917 787 -634 -496 -283 553 -899 988 160 -893 -946 -422 258
910 -657 -861 -982 -804 175 373 -952 969 989 -311 571 302 -373 676 -435 -642 914 -716 495 -888 -259 473 -232 -452 619 316 -341 -74 327 -274 -220 957 -541 -977 384 497 -600 -20 -60 569 594 -683 209 13 405 -880 -948 -692 772 878 792 -267 -968 -626 987 835 812 475 585 366 111 468 -872 -589 -853 399 5 -337 458 -936 557 -562 945 -607 -652 -601 158 -727 139 -158 771 -183 760 -124 561 -885 409 392 734 -910 -387 -587 848 -697 261 -277 92 -13 438
217 -383 61 315 505 -813 -105 -629 69 401 596 945 853 16 273 -746 -520 -694 106 -564 -25 -392 -320 -515 -245 -649 718 -77 360 502 -206 -859 794 -192 309 837 -845 152 -71 839 686 -476 656 -963 -241 869 180 250 429 -308 -49 968 -854 118 579 -991 -183 -396 -510 -470 -129 -611 457 246 205 200 -85 711 -946 156 806 413 -807 -93 172 751 516 -881 -560 946 -971 -935 -757 -849 625 632 292 -395 324 -307 -806 -803 -434 374 -296 495 -168 -932 -39 86
-752 -603 -375 59 -202 821 -225 277 391 -134 82 93 -575 105 -916 -766 768 39 -147 805 -199 -334 310 -882 415 844 -679 676 -317 957 -69 79 868 5 794 480 498 780 287 912 71 586 -856 83 347 -692 91 -235 73 744 27 -160 -387 430 -964 958 411 -703 -587 -568 -712 -1000 -655 -718 -27 360 131 124 525 -925 -113 98 324 633 790 -569 -212 -590 149 859 918 -424 188 -158 737 -957 548 -271 956 -953 -644 409 -448 -319 650 -132 -346 -228 -874 549
[RUN #12 5 5]
633 -772 506 -379 238
173 536 254 -850 938
46 845 970 25 869
825 -459 -288 -617 599
-721 -658 546 -607 -117
[RUN #13 5 10]
665 -288 897 798 57
-302 11 -536 310 572
372 956 -352 -404 -371
909 840 -559 9 -223
927 -708 907 216 -560
-54 -257 621 38 -341
337 -451 853 392 -721
-145 -412 740 197 -294
-235 685 465 -99 -579
-160 539 485 -864 -753
[RUN #14 5 10]
125 -440 709 790 406
456 -256 -575 -785 469
-247 94 -374 306 -429
666 -432 408 -318 -726
107 -484 29 -477 -641
837 89 910 -750 583
92 660 -946 -444 -248
124 -90 -399 -330 -597
-381 -918 463 593 551
-704 -857 962 -775 -902
[RUN #15 5 10]
-663 260 365 901 206
-919 349 584 394 -273
424 286 -798 904 -55
829 -235 294 897 866
8 -612 702 670 919
772 -16 319 276 -327
845 -539 -251 -98 769
94 -51 -900 305 297
834 -672 -941 -490 676
-834 337 -801 608 -167
[RUN #16 5 10]
632 892 -292 -467 -597
-351 551 -800 -665 985
-900 -606 -278 -616 504
-572 394 681 -810 500
429 -855 100 275 -815
-878 535 -476 -458 426
769 953 323 137 -682
258 -3 834 297 -489
-205 -357 229 950 440
-699 90 -136 -696 552
[RUN #17 5 10]
418 269 -88 -622 -344
-647 904 -154 84 200
-523 318 795 731 590
-653 316 957 259 870
-393 -553 -992 113 8
-779 -660 959 -65 -420
136 301 -308 -193 489
561 -727 -848 376 -265
767 886 635 824 403
741 -755 56 999 -333
[RUN #18 5 10]
334 231 -659 321 -921
-836 -812 171 823 -710
-441 474 459 405 -611
81 705 989 -808 -708
247 -583 -475 -782 226
608 -366 833 -167 -122
-859 168 83 -712 -621
-509 211 -356 457 -580
153 -212 -107 -287 -893
832 -410 -568 -490 -853
[RUN #19 5 10]
-711 -331 -831 -915 -115
947 -121 37 672 716
772 -77 632 938 387
664 -592 698 -730 413
915 -549 -930 -754 -210
-306 405 835 588 11
-708 -326 -59 -818 768
-272 -909 -401 182 404
270 -509 246 -440 410
-739 -905 380 -291 -839
[RUN #20 5 10]
-140 -271 -824 834 -828
-510 -402 -114 -187 109
752 -277 -304 66 -231
703 -826 -950 -569 -124
27 552 -936 337 -877
-123 518 -963 -921 -741
375 820 838 345 -947
-415 -774 724 -393 -383
-339 319 -1000 726 -100
-310 -349 339 40 940
[RUN #21 5 10]
536 -845 147 -756 -211
585 -581 333 -671 -493
-314 -727 -320 886 436
457 912 -420 637 -547
-969 33 480 -856 272
93 -729 -477 256 -356
-775 207 737 666 -688
-712 -717 -104 -666 -961
137 -626 792 -579 762
-985 474 -494 -554 -846
[RUN #22 5 10]
522 -583 -364 460 582
-414 -110 143 129 905
-109 102 495 739 328
497 -270 526 -765 -692
261 756 -331 511 -89
724 -365 -697 -46 -942
350 -56 420 911 -677
-656 -906 876 151 -768
972 469 808 -746 322
-212 -804 95 105 286
[RUN #23 5 5]
854 724 133 830 -302
-354 89 -810 611 -254
962 868 -749 806 274
78 549 -681 -421 546
278 172 -299 -440 825
[RUN #24 5 5]
-381 294 -700 -44 802
972 -67 -385 -271 196
-201 -27 -90 950 -990
953 -966 -580 540 -327
794 786 80 -169 959
[RUN #25 5 5]
618 129 734 -840 804
-955 -190 81 -649 -712
-214 453 78 -773 -63
-558 231 -793 -444 -752
-616 -371 157 -240 150
[RUN #26 5 5]
-578 20 -222 5 361
1 -823 784 -750 -342
-720 -42 -400 -229 865
-897 -198 619 -409 30
-365 103 -801 -101 756
[RUN #27 5 5]
-444 488 931 56 534
828 221 -757 -58 381
-214 -64 137 -535 494
-327 713 -985 -167 -887
496 192 -489 -360 87
[RUN #28 5 5]
237 -804 -743 -399 920
578 -499 -797 -588 -111
-218 -493 -734 -908 375
626 -788 -163 -778 -231
-175 -725 -687 -92 173
[RUN #29 5 5]
451 -262 -973 -967 -816
-695 -449 -417 -616 -103
722 -417 -291 -229 -394
523 69 107 708 -795
380 112 617 906 948
[RUN #30 5 5]
471 -222 640 -699 741
-487 355 -664 783 -182
-1000 686 153 -114 665
-530 -764 -209 -762 -206
89 -318 -500 389 -199
[RUN #31 5 5]
139 -582 864 633 106
-333 -266 739 -633 -170
868 -663 -463 -27 626
-680 -60 472 716 -171
369 50 330 897 -200
[RUN #32 5 5]
-490 444 660 -754 -468
285 -892 -372 -331 398
-350 -271 -148 588 965
548 -872 -415 -505 682
254 359 -386 -858 -309
[RUN #33 5 10]
415 -170 12 115 -109
-890 -316 686 584 -276
342 -478 -676 471 518
-350 -908 -58 358 684
603 -828 587 153 999
-901 -448 707 850 -898
888 -382 971 -277 -453
-278 442 144 -488 548
-346 -311 -930 68 648
987 286 -65 722 -673
[RUN #34 5 10]
151 810 -331 787 -9
780 898 8 -221 -476
429 -513 691 -827 -522
-509 947 599 411 8
-447 832 864 42 -363
28 882 -503 -830 -802
-628 -123 421 -659 668
-326 639 -493 132 -454
-554 -809 90 895 30
335 468 484 29 544
[RUN #35 5 10]
19 658 -802 -916 -426
894 -642 -182 210 849
-462 -452 -893 217 -654
455 579 -232 140 207
-744 -234 -930 361 -707
361 404 771 19 701
-673 312 642 890 306
-929 -432 759 945 -681
8 -887 -80 485 701
-687 -173 -352 835 183
[RUN #36 5 10]
-4 -864 432 -700 529
381 -763 144 877 755
405 593 70 361 322
-320 -997 -286 -817 -357
-702 576 -807 292 307
664 663 312 -728 456
758 660 253 -158 -525
-309 -90 960 883 -110
-392 930 -422 306 -151
-911 -905 163 -340 -618
[RUN #37 50 10]
846 513 164 178 -390 768 -101 410 717 996 -909 -159 209 -279 665 961 709 -271 -858 -580 45 -746 599 -188 -129 490 358 -176 -628 589 -974 -249 889 -921 -186 145 362 909 408 -329 -594 472 608 180 -803 207 -566 75 -805 157
-106 654 -774 504 -622 -728 853 -202 290 -684 -222 591 -268 -980 -157 585 -591 748 868 -680 459 756 42 916 219 869 -782 630 393 -102 -940 694 498 -948 216 9 -978 -390 -746 974 -457 565 -990 193 -42 178 589 539 -207 -416
87 -690 262 316 264 623 432 980 -538 -180 606 915 -947 -166 310 -608 -582 -56 937 -748 -764 967 -351 224 695 810 903 692 141 900 689 -113 735 -144 528 296 -397 877 547 -469 -201 -478 -264 -283 120 953 379 332 519 -735
415 -729 -228 898 507 840 -477 797 -891 233 774 497 -508 -39 -795 586 294 383 -229 845 247 -61 -913 -257 785 160 -704 -539 562 -497 560 -935 352 -515 872 -889 931 70 159 -993 -903 708 414 -533 -762 432 -214 752 -962 -416
825 24 892 772 539 -123 -413 -502 938 274 -878 -768 769 -779 -30 767 -131 172 327 -185 -298 -198 -165 598 -766 -641 530 548 256 -763 853 611 -345 150 -815 -542 139 -95 993 514 -688 351 806 491 -810 32 38 -125 934 136
581 987 -1 -338 156 -686 721 398 580 -346 -924 367 -684 832 588 193 -761 603 -854 -35 -819 -52 -885 354 627 -695 879 337 -251 58 704 910 -923 -666 -248 244 422 -745 308 -630 471 -308 -657 956 -535 362 -30 -274 211 223
52 798 -702 468 102 -66 -551 330 9 446 -742 456 246 -61 727 -837 -217 -978 -270 -433 993 -571 -380 -789 873 -363 -57 489 433 985 -348 35 -785 -893 -390 -103 337 -126 954 218 -903 -782 837 743 -705 -624 -169 -823 -617 894
-360 -52 928 -342 -277 432 -741 475 -308 309 -259 -754 232 253 583 350 384 -666 154 -939 622 553 -1 617 -407 723 29 827 -744 -689 -459 -321 780 -273 -531 -879 -509 923 -65 973 400 -624 501 -991 296 -388 -993 106 524 -848
-857 -54 930 -246 -909 678 -685 836 36 512 -939 840 -198 -653 -944 -576 -588 389 835 -509 447 -185 -491 -956 -687 -735 88 387 -363 927 -195 580 -971 -797 795 -3 -498 -521 723 -2 980 -614 -466 539 486 -333 481 891 -670 813
-525 -628 -384 -223 436 -310 135 76 -275 4 -335 -622 -711 -75 563 -827 270 -531 933 -881 -91 434 -212 409 -550 820 341 271 192 -131 -226 464 147 900 981 -900 608 -748 149 703 12 -320 15 664 886 -504 -729 -577 197 249
[RUN #38 60 10]
220 -369 323 189 998 984 -556 308 255 480 740 -311 -679 -593 739 -254 979 348 -426 923 -677 866 -942 959 -208 -574 -179 893 195 -104 -723 -494 498 379 -857 655 454 -998 -166 -568 945 187 -798 534 865 345 553 659 747 772 741 -417 -952 846 -782 -919 -969 862 -884 179
24 -466 614 -120 116 -994 -501 855 249 940 -151 -538 -511 754 338 757 -727 -420 -952 -518 -81 488 -267 153 -998 -652 514 -779 -368 529 -760 651 477 887 -890 85 -763 -506 665 -20 919 -315 -559 141 -281 874 -208 -338 -323 493 935 579 -614 314 -434 -953 -862 -655 942 -709
360 789 -817 -307 492 -81 883 208 537 -63 473 -363 -178 934 588 421 834 777 811 -212 -943 -732 964 -855 571 171 -488 761 535 -303 -622 -730 -281 795 422 295 748 245 -630 660 -322 605 268 -448 -857 -578 -92 730 -350 589 -774 410 358 219 617 -745 -932 -57 830 -674
763 979 -397 948 -336 753 259 -959 -982 945 257 -22 -126 -596 946 -257 -963 550 -323 -302 368 -860 989 724 384 -712 -361 391 -987 -32 -856 135 233 -406 351 -621 -813 -68 -256 370 -327 226 -460 -513 140 -546 947 -97 -826 -475 25 -137 -246 -644 -915 -781 -379 4 906 -849
813 -542 835 -209 854 -468 64 250 657 -306 354 42 694 -390 -846 -474 530 548 -697 874 571 809 342 91 395 134 853 201 -55 664 -204 -776 924 665 505 592 -22 337 -671 -44 -523 271 -98 -373 513 -478 -679 983 557 639 929 979 -930 -16 -955 -848 -175 419 -104 950
-158 452 290 495 -608 -218 738 -947 869 -627 130 -606 185 692 11 581 471 293 991 -930 653 -203 872 -805 186 -800 127 -580 -426 -342 548 908 -515 -743 -564 544 91 -645 731 -412 661 718 -496 -561 -202 -241 883 694 141 137 473 798 -506 -116 625 18 866 879 -138 -124
-456 -500 84 50 964 -971 -208 852 -763 672 511 227 -887 234 -209 -675 -670 263 -624 -179 233 -854 744 -845 -724 -813 -164 -461 -879 307 973 -803 -953 549 810 360 974 -600 354 869 -231 456 -811 27 -281 -195 -370 -580 -555 144 -89 993 -171 309 -734 -490 231 -81 -189 -319
-524 860 817 840 -314 -752 375 -842 247 -974 880 146 4 903 -612 981 -649 235 96 638 871 16 -378 -544 -954 -56 691 -444 -346 775 913 -257 739 754 124 -922 -126 -264 298 -742 -110 883 -724 -536 498 531 324 716 -191 -258 -466 -115 -175 -873 447 39 -906 -840 274 -961
945 -323 -199 -3 -579 -982 598 491 432 -249 192 -221 -962 771 135 -83 19 -420 842 -813 251 20 721 714 -642 -119 217 -748 572 2 27 123 -19 21 -755 348 -393 101 -683 -701 -669 89 -979 366 259 -530 -876 905 281 52 -305 423 -337 -226 664 -171 917 346 -444 738
-789 -259 -449 -520 -558 -348 -210 770 -846 -871 615 376 848 -433 -991 965 680 220 -53 -266 -536 175 31 880 386 51 705 -857 116 758 -765 -964 -664 284 63 -776 76 -874 714 787 944 240 -970 -237 419 113 -99 -7 589 346 -631 -122 553 719 943 595 -617 -35 217 785
[RUN #39 75 10]
622 565 -214 680 -49 -747 -730 -810 -492 596 -364 -182 738 -514 -240 31 195 94 619 -853 405 -80 -893 -709 33 832 423 -752 878 -490 888 156 -260 -646 -291 -26 984 -119 -772 750 -588 -609 -640 545 -710 -491 -539 46 133 -481 -408 -36 159 -786 -796 -788 -520 -718 283 -120 88 121 853 -774 -762 -117 -859 714 -107 495 678 39 800 652 -131
510 -459 -707 -597 -216 -928 -469 698 -808 458 366 -319 581 -864 627 -374 -863 -102 -727 28 -772 -626 -422 57 -557 -225 -515 -105 -946 -35 -327 -782 -249 18 -679 -633 -915 -927 416 802 -452 -197 -9 100 889 -253 -434 901 750 -47 -297 -842 -71 798 942 -354 796 727 569 87 -101 -58 -532 -570 903 -424 -752 -402 430 365 -803 -639 442 -624 -261
-788 -83 614 991 -230 965 -811 -315 -22 -458 37 859 701 -522 955 102 -402 -868 197 -329 654 -816 -649 616 -493 -74 479 -994 -928 837 323 -712 132 -668 456 268 -248 973 -380 511 -740 114 503 -582 599 -202 -540 200 750 -643 -147 -511 956 811 815 -220 497 208 181 325 -705 305 -213 56 773 87 -920 547 969 -231 -103 562 580 -375 563
-692 299 -192 -199 -10 53 -195 715 -219 362 523 -278 -515 367 -470 815 -30 538 945 -19 -448 380 930 292 -258 485 342 -505 -376 -697 776 111 329 -444 -982 918 -498 -222 557 -968 657 -452 368 -377 -983 868 79 941 -112 -863 923 414 763 -957 -212 747 -66 -183 847 -218 -705 -285 130 -385 -537 -203 922 -750 -108 -329 -488 466 -907 177 911
-255 694 682 514 -400 409 182 -288 625 -887 567 431 -6 964 -685 693 988 615 163 729 -293 310 871 -629 20 107 -562 899 -560 -721 103 -235 -920 484 -648 -208 -69 -938 -592 -425 -340 599 865 -254 -579 -804 -314 807 -90 -373 244 768 -994 -210 -422 -287 665 -819 -949 -144 -922 240 -868 21 -545 -987 -915 -880 -200 227 269 279 579 -335 -82
279 -268 574 -475 466 540 -339 549 952 -190 789 239 -507 -547 -199 61 544 576 836 -713 424 -782 -88 695 -541 -486 337 183 -605 850 -251 489 31 -505 -200 285 -307 -985 -28 -127 162 777 -70 -942 400 -98 69 585 741 555 -442 -125 83 -66 760 894 -808 -234 -746 -932 -80 411 174 -366 -921 -669 -647 -417 421 611 684 205 -400 668 457
589 534 -186 339 738 110 -658 245 315 790 -857 -664 -556 711 421 -674 944 -6 -624 -364 -133 -816 -785 -928 -806 76 -366 83 536 -449 -114 159 -330 723 181 815 -446 -877 670 -996 41 454 -421 -244 -591 812 637 -231 673 -213 -166 847 784 -692 566 731 132 837 300 100 21 -798 792 535 400 -339 936 -680 878 -253 -357 -697 472 666 -154
-163 -716 -493 736 -728 139 -263 -211 671 -934 -110 352 979 611 -321 44 -658 -462 444 -125 187 561 170 318 -201 -506 927 524 -347 -102 669 -537 941 -743 197 -89 14 -712 62 -680 312 803 -192 -524 -45 -769 46 -12 -97 -814 -450 674 -473 -77 -495 931 -382 605 322 829 -492 -841 -911 -967 -789 -368 -982 -838 -543 -482 -597 -923 530 433 774
101 758 -309 -930 -700 485 -947 149 -881 -214 736 139 -744 155 -855 323 891 53 -37 -350 -424 -868 111 538 54 -739 202 326 26 -258 18 185 -953 -412 -992 209 -844 -151 829 136 -95 -607 225 666 544 -168 731 638 -691 -850 -170 923 -437 -895 317 -176 892 -576 844 -322 982 421 743 -866 -891 -163 932 -132 373 359 385 -670 67 576 -40
555 515 341 198 -811 -316 276 -702 -894 224 -253 -954 769 -699 -577 867 8 650 -815 546 -467 -234 689 -30 497 -232 950 745 -828 219 614 -403 468 922 -29 -773 677 -923 806 133 -961 -784 392 46 -515 909 506 -177 -106 -9 -120 342 101 -960 -398 -331 -79 -514 -288 90 76 -498 435 613 -974 946 365 -137 210 -389 155 334 -80 273 534
[RUN #40 100 10]
-987 -169 -445 -914 305 -136 -917 -274 -9 962 227 33 -115 -709 -650 769 429 898 536 523 -120 -529 -417 713 -664 277 -343 75 -555 38 735 371 -111 -431 775 462 -232 858 -651 782 -676 529 661 -735 846 254 253 805 -855 301 386 645 261 -516 -304 51 771 -487 -174 184 471 -469 196 -938 161 -364 -263 -38 810 491 907 -223 954 298 -134 -734 822 -151 -360 107 790 2 -420 823 -338 -84 -612 636 -179 235 433 -384 189 -260 -73 385 530 578 -495 456
55 91 -523 -540 575 -49 429 793 351 734 -27 -790 316 -756 209 -41 -437 284 998 170 -520 -673 157 -784 -948 -679 -83 -135 990 171 -164 942 858 -905 -486 -13 -327 304 -289 387 752 -526 -124 -635 506 550 -862 488 -636 840 167 -386 -843 978 -203 -490 -316 -831 874 705 762 -92 884 543 278 943 405 492 -60 609 -757 81 -419 39 513 -332 -375 797 -796 -592 119 -763 -613 -216 149 -308 -789 323 948 -409 -383 142 -415 -271 688 -417 76 -715 905 103
229 -638 338 272 921 711 -435 -132 -406 -183 258 736 72 731 -662 716 -908 -113 -786 -712 -88 -201 824 12 -689 995 -709 831 384 -855 -221 -69 402 335 -426 226 -837 -936 334 578 -247 -864 -2 23 172 -178 902 764 -959 353 717 -633 559 -824 583 928 164 766 -506 -248 751 -282 -63 416 408 322 93 357 -403 300 -911 -439 206 550 538 -844 -882 539 153 289 -919 173 789 94 -649 -777 977 701 -193 -872 -392 122 -515 -461 -545 -963 -502 -772 -646 -690
-495 -214 168 933 963 -479 959 853 217 -744 881 -865 27 811 -694 -426 451 -874 970 -909 -144 -342 591 398 209 363 -677 173 330 377 -154 -433 -496 -680 713 792 -982 -939 -716 -854 -489 -31 -842 798 -226 520 618 -973 845 -245 729 490 930 673 -117 322 -727 -720 141 747 -499 -665 380 823 -963 84 -975 -161 -213 -488 -464 926 -168 297 105 100 35 -619 -818 365 674 373 -485 421 -121 358 366 -23 760 561 -717 134 148 -803 291 494 454 -633 -216 878
857 913 208 -525 -746 -143 64 614 -831 -18 54 -420 403 382 344 -853 789 -654 -15 -822 -653 767 122 -42 724 23 -805 -586 616 -891 566 -595 -479 -741 602 804 -352 487 -218 829 -973 454 -495 -603 -123 765 -393 851 -501 -719 -934 -65 -554 -125 -350 -573 -83 -195 -191 -366 390 567 -548 -411 475 314 221 552 766 -277 -850 925 -228 -887 859 227 -880 -597 1 594 947 840 -50 -16 -354 844 434 288 615 956 -579 974 -892 163 -969 391 257 571 58 202
919 -641 37 -516 814 28 177 -106 -142 -953 -688 397 667 -365 -293 241 952 191 679 -389 425 379 -324 272 778 -689 -754 -800 562 -609 59 -753 -111 -596 260 84 -706 -311 381 -217 -436 464 -980 -542 277 -105 -449 -351 -563 -153 897 102 296 -612 -257 -468 55 291 -247 278 -445 844 -804 299 -460 -548 -957 -4 -14 769 528 921 560 -327 -287 666 202 298 141 -990 -412 295 15 -620 172 619 -298 813 -925 -922 -199 -296 810 -183 -53 950 737 188 704 672
485 83 929 753 316 676 -441 -684 513 649 -837 597 627 -11 -272 -799 444 256 -31 237 -542 -576 787 -825 -142 259 760 713 -378 309 -657 359 119 959 449 -98 709 349 -673 655 333 217 910 182 -812 -633 -927 253 -482 41 395 905 -180 -1 238 -701 164 392 -442 -651 -368 -348 771 250 137 -888 -231 816 803 512 -472 342 -408 -418 -969 -331 731 601 6 -101 57 -270 -301 160 608 -881 -958 981 -857 59 -188 891 -184 -413 -710 -476 -719 -985 -855 437
814 594 349 822 -395 584 -551 225 -193 -275 572 -564 682 -180 -783 730 863 -855 473 520 -35 -267 66 -980 -477 808 -451 385 207 -327 353 -819 -415 -396 -766 626 -326 -903 712 -943 -673 530 -554 325 910 867 952 936 9 274 236 -34 -454 -232 -282 -730 -218 -83 679 296 -653 -668 168 -584 -859 -958 397 410 804 966 431 -816 -518 935 -596 -177 -292 918 -773 -503 -920 -72 -746 469 991 969 -712 -222 -211 -453 997 666 -299 -100 -136 -956 789 693 -709 -240
-720 -511 184 -607 434 446 -952 -970 314 407 -495 -126 -894 -397 -195 166 335 417 -398 962 531 286 -88 116 -784 367 -562 585 -651 400 -811 -370 -537 736 -689 134 595 -390 438 -940 539 869 12 -815 241 -111 -427 -722 -871 -434 -204 143 676 -548 -454 -613 815 -800 -143 988 896 764 -285 -199 -10 386 655 533 686 -580 725 252 -611 840 -433 2 -290 481 213 477 450 10 405 766 -327 -178 61 117 881 -956 -698 510 857 -353 -432 232 -156 929 -520 -862
-375 412 838 803 -36 651 -833 216 -39 -630 -362 381 -570 -459 -831 -69 607 -929 -57 310 926 77 -600 76 643 855 -938 -228 -118 -750 -954 -622 -771 326 -450 797 101 170 -13 -592 -392 -5 -790 -336 856 -412 -976 847 -274 -398 6 -952 -400 -161 -302 -706 -419 -947 -6 817 -504 277 165 139 255 -598 292 -665 -872 -58 457 560 -218 849 799 -953 408 -17 193 -962 61 291 99 748 863 686 760 -871 -160 -864 744 -227 -675 988 -683 970 -852 -188 -496 729
[RUN #41 500 10]
-559 -64 -313 594 -10 964 280 219 666 600 -892 -375 -492 877 -534 -458 -423 -827 115 -397 874 -813 690 520 468 -317 -41 961 -117 -517 270 313 -812 341 826 -383 -441 -693 371 -734 11 464 -70 439 837 462 848 932 688 645 35 -378 52 -126 -209 107 -886 319 791 -111 949 -882 -502 184 514 984 -472 -419 795 599 309 861 841 -296 670 -896 23 38 940 -186 -840 6 317 -639 325 -865 -204 592 -62 -284 694 81 -75 853 -251 -915 671 -902 667 -694 639 953 -511 804 -843 448 -748 674 500 463 944 121 -388 729 190 -593 332 225 -507 162 -328 -415 -978 -476 -72 312 -362 -420 797 -233 815 649 -866 -633 531 -591 -37 -872 -168 486 699 744 302 -9 -368 -677 575 757 772 654 -557 358 -283 -201 -764 210 -701 927 986 32 75 -485 -446 -443 -954 536 147 -956 -260 -634 -256 596 -877 833 -482 -795 -670 -68 -931 714 -205 765 -981 981 336 -254 372 -765 -427 731 -231 662 -281 -589 290 318 -727 377 298 -998 415 -332 245 116 -170 352 -15 706 643 677 710 999 140 -329 284 459 824 635 -519 -566 682 221 -50 -266 -436 647 -558 -323 -966 -491 -118 316 -123 553 425 -613 -77 -777 223 481 602 684 -154 -580 -171 -874 -309 -31 -225 -804 314 -465 880 -676 967 -616 624 798 163 -888 57 -389 947 78 388 55 787 -614 53 -743 -282 101 -350 -141 -793 -880 -528 855 0 -758 85 751 -944 431 493 -991 -572 195 672 511 -97 28 -197 -615 604 -846 262 985 133 786 934 -585 -73 -299 -538 456 605 -335 -324 -617 763 898 860 -18 -842 7 65 -921 478 266 206 697 389 214 -48 -213 -334 704 943 -406 -936 402 231 -412 -625 -84 879 625 -28 733 -863 802 -52 -508 505 -157 433 730 -32 406 -798 -67 -400 -626 -997 -629 419 -839 93 307 673 -607 241 154 326 394 44 301 612 -836 253 -128 -322 633 432 -761 -230 -403 461 -481 258 196 -264 -173 -860 -319 557 711 -621 250 -135 174 -416 211 -474 -744 -125 -178 -721 608 -684 -590 230 183 856 166 137 -183 -949 -42 899 151 -665 -108 124 817 -424 -478 -935 356 76 -348 -1000 9 -224 -261 -469 887 616 -649 -656 -342 -258 442 -655 12 404 83 -361 378 -782 -980 -766 489 659 -551 -216 -191 -438 551 -706 660 -468 -244 746 -730 -891 978 -316 -523 450 338 -398 42 -510 453 274 -396 497 -473 -806 438 918 -92 -983 664 243 -253 -433 -339 676 366 -34 -583 -43 -81 813 449 -596 -139 -440 255 14 110 -162 -976 -405 941 -229 501
-241 -81 80 565 -98 499 -983 867 -796 -554 -123 878 -846 965 -294 91 932 -38 -738 -730 431 73 -315 482 771 540 726 -60 -929 644 -427 960 -531 505 306 -551 -470 40 -538 -814 147 770 -790 -944 649 -415 -122 -334 520 -260 -318 348 -200 -86 -515 -964 -640 156 -884 -325 295 330 -198 -522 -624 262 -504 600 243 47 -971 554 -764 -854 451 46 -794 -629 -359 -442 -903 -569 -741 402 211 336 -422 -181 307 -211 -634 118 492 -636 -224 -282 -999 197 371 -165 -947 319 -895 387 14 130 10 98 -750 -303 -402 839 989 -64 635 584 -613 -65 917 -357 -754 961 962 -855 -824 -186 640 266 773 514 954 -577 -321 588 974 -404 936 -966 -961 -726 -997 -143 -973 -856 -739 -196 -555 -556 -616 -201 526 759 864 -372 816 893 229 48 -288 -714 63 142 -922 -138 495 -784 299 202 -559 643 -723 -31 -962 -364 134 626 -188 -468 -960 395 715 -237 49 -712 -482 427 941 -148 548 884 -628 792 -425 -955 959 264 -839 254 -22 478 -490 772 324 -340 918 -927 318 -670 419 555 -648 475 417 681 -130 940 -232 852 -408 703 13 421 508 -342 569 485 -496 -167 648 155 -831 300 -722 -182 58 108 31 249 636 -276 -134 71 -843 -314 399 244 730 -769 -17 355 -770 752 765 -697 758 -690 2 -638 4 401 182 566 860 -317 -90 -213 834 -459 810 465 -982 -948 -183 222 -293 995 -461 863 -535 -586 -618 -96 468 -550 95 -928 568 -3 -592 973 -305 400 805 -387 -945 -938 297 -101 309 -915 -500 -95 -208 -150 734 546 -409 503 -283 322 -441 34 -852 -540 -277 905 -878 -607 -395 -41 -418 -310 38 727 -93 -126 -502 -7 -828 -857 -660 -62 36 -144 448 870 523 1 517 358 -691 -437 351 731 631 744 338 -935 849 -914 -511 669 -760 339 -684 809 -205 -451 337 -988 -958 625 827 277 841 280 885 -787 441 591 146 984 -807 149 537 -118 -861 -847 -171 -275 743 -268 969 437 -972 -908 368 185 910 768 159 -83 103 -26 931 -575 -842 985 -956 -910 -35 460 -917 -888 457 -347 -139 -467 333 802 89 -471 -36 148 -128 552 -924 -472 -742 -622 241 151 -206 -786 -376 379 -505 -680 461 -894 -235 -159 -658 245 -604 -87 -368 513 335 -859 -809 -716 -968 -984 -736 -135 -475 -848 570 710 -445 -343 435 242 -174 -407 -570 -825 33 -732 380 597 -508 549 512 -510 -142 -653 522 615 -70 -514 378 430 257 748 -299 -392 271 677 303 250 539 632 -320 -499 301 -865 -580 247 109 -581 403 -679 753 982 -553 -709 -448 425
-614 466 293 334 549 325 -145 83 -83 74 797 457 -302 -91 679 -629 900 637 52 121 -176 -915 643 237 327 978 -539 -979 -675 836 662 295 612 -431 96 894 805 323 689 139 488 -276 -157 531 -109 32 -840 -331 281 -566 557 678 732 -702 -534 -34 -182 304 -153 -47 -72 189 411 -333 -127 -17 658 -576 -684 -747 127 602 -560 817 -553 236 -765 -139 -524 474 -648 137 -50 -878 -965 -797 -777 132 -973 -365 -759 -594 842 -693 991 -125 -519 763 -224 770 56 -743 149 -746 339 -543 -78 -213 -591 230 -360 -500 95 190 694 606 -744 -43 915 -459 -601 -89 -641 -970 284 1 849 -165 583 632 -580 551 984 -97 -29 -134 51 -186 -960 412 -537 -709 -631 -199 757 -257 865 -174 -728 -633 -471 -202 -526 -156 -952 354 -872 -710 565 -886 135 377 -823 496 779 414 -711 -790 -443 110 351 157 844 -181 733 944 651 495 -506 -807 -821 -737 69 -262 527 -108 -297 -80 -149 655 -801 610 -267 509 289 706 547 -163 -647 47 -441 536 -662 -183 939 -944 688 538 -873 813 -833 -385 -897 331 881 795 867 -242 -55 -677 863 510 291 172 661 -363 415 798 -216 494 668 432 590 -874 472 -864 -525 -714 992 -599 238 -323 -597 736 778 516 -345 748 696 -923 -707 -748 -827 -642 -695 16 147 -856 10 933 -100 734 -408 363 785 -634 -972 109 942 -88 -577 -320 -901 -95 -25 855 391 66 453 827 716 -712 146 -200 -569 106 -491 728 332 820 -390 229 -259 -231 -197 691 -94 -904 -263 559 586 -358 -295 473 -354 -600 -849 701 788 145 162 -369 908 738 856 949 -489 -590 489 518 725 597 -811 206 319 464 -508 -19 200 -574 735 -409 -908 383 111 -961 -538 -947 520 885 -640 -221 222 -572 596 611 42 816 -587 251 -140 465 20 675 -429 273 789 -852 899 -251 374 756 -70 -723 -249 63 -775 -203 -266 -49 246 -300 -881 -334 -497 -69 -818 313 3 502 642 535 690 -953 422 261 -115 573 -415 -284 663 -253 708 980 -690 471 -370 -422 648 306 -598 985 -446 296 824 -454 766 -502 771 -477 -493 819 161 386 -356 -328 -516 -53 -59 965 24 -287 529 -977 103 938 -664 815 845 775 349 772 -248 -910 560 -20 972 98 956 343 195 -329 53 302 832 936 -110 425 275 -612 857 -490 971 -503 -12 -40 -52 994 -885 891 -137 -101 34 -433 605 -936 515 -643 868 -314 954 645 902 -193 -939 -24 799 -906 -586 -794 737 -845 774 963 -721 -205 245 947 399 -245 652 649 35 -655 90 580 687 -893 -941 153
-205 -366 618 -932 512 913 -131 526 -469 149 -810 -398 256 -41 345 -736 -517 -587 306 139 -573 847 902 557 460 -532 -161 384 6 450 412 337 -571 267 668 -731 -535 -347 236 943 869 -128 803 358 -397 60 767 -430 -952 -904 373 -718 -683 491 -789 -634 -914 -471 950 -230 507 -676 339 -154 257 -4 -355 626 430 981 -495 -90 56 156 -489 47 -772 -172 -458 -906 364 369 -99 -121 248 667 792 -103 -805 -57 513 993 -834 -251 679 226 245 -851 -936 -288 168 -187 772 119 741 -820 350 -977 -197 457 -531 -883 596 -879 315 -44 678 523 -885 -754 99 550 -150 249 695 -148 755 -972 -275 747 25 -538 527 519 -333 -833 76 748 307 -955 -837 -53 277 466 259 -565 905 -863 422 763 960 -365 -788 -948 -241 371 -325 -536 -668 925 341 643 -214 -95 -69 897 -911 280 335 123 734 -781 -742 446 -163 918 574 -637 669 124 -34 133 -619 8 -930 -299 255 -280 -18 -443 -88 -975 -273 -136 566 439 -37 758 881 70 -309 348 401 279 -10 -645 488 506 424 681 136 -679 86 -238 41 -490 -400 970 -783 -257 28 607 161 -127 -964 10 -816 -875 -58 -59 -3 965 -938 426 -2 -970 -697 903 -295 -690 -160 283 -917 -632 -420 584 -212 -132 -767 -40 -968 -220 -905 13 16 701 -218 244 836 708 -586 -216 -822 492 850 -854 165 -408 485 -352 40 -491 638 686 612 712 77 -290 -73 448 -994 274 59 502 565 -434 -320 829 889 -797 251 826 442 229 406 -785 641 365 58 761 -318 780 377 934 -511 -798 389 -120 -438 213 -861 704 273 719 -11 538 -108 -791 387 261 52 -890 -487 -941 790 930 743 -774 -319 -239 390 68 151 -835 654 -1000 -301 -107 -304 317 -68 630 349 560 911 -348 -900 536 183 115 -463 731 684 385 901 855 778 479 -986 -706 281 764 -5 167 -446 -551 375 882 288 -825 -14 -494 -556 48 -507 769 19 938 443 490 -559 -199 -200 -583 871 -166 -96 -77 -281 296 -31 818 -726 -999 -664 908 959 954 722 -780 9 465 875 912 -522 879 -30 483 -590 -282 121 405 992 474 -561 396 -237 916 787 453 270 -345 -806 -336 379 -42 -723 -884 -406 362 104 898 -145 -368 63 -207 -225 475 -846 691 -409 361 999 0 298 -478 -433 -966 -716 -659 -841 210 -575 -620 922 -32 621 -388 -371 -753 -483 -125 530 -740 727 677 7 -113 413 -349 29 -516 -500 -462 -153 775 -700 -170 -514 309 22 509 -661 -711 933 689 951 -692 -680 383 -722 -268 -818 -78 381 -951 -984 982 -691 -747
[RUN #42 5 10]
384 101 -590 -284 -859
800 -826 753 -733 -745
219 -210 812 -591 931
-755 -558 -175 -477 997
298 4 84 108 -725
692 193 151 -562 875
739 284 597 331 5
-743 111 171 -94 537
992 -558 -190 -560 772
-730 780 552 586 -493
[RUN #43 10 10]
-294 527 85 -185 -271 -604 -424 548 -169 362
922 -176 -78 166 405 62 -278 -618 597 79
-665 -474 636 -459 -370 -976 -506 -414 -488 -671
380 -557 -954 -675 956 -618 -710 -63 984 395
-493 910 -205 808 658 -271 -754 -318 -737 473
-940 889 876 558 -539 -220 -704 345 -765 -153
-835 -812 -888 158 311 -598 -991 -746 -889 -434
828 349 -596 963 576 56 927 -203 -845 147
-995 -542 -170 -184 402 207 -370 -229 431 -571
-430 -753 129 -815 -823 493 869 631 -18 -308
[RUN #44 5 10]
442 262 840 -315 -97
-483 -21 590 -512 -124
-47 827 374 -699 -416
-774 -521 -681 273 -387
927 655 -205 235 -629
-944 -400 -13 774 369
-765 60 557 358 660
282 790 -613 730 -410
-393 412 691 5 -710
-167 969 997 280 140
[RUN #45 5 10]
550 -349 650 -142 -600
-615 779 233 220 -892
-371 -398 -737 -901 -998
378 -117 228 -345 -721
-441 699 -990 -575 -571
620 6 177 -42 881
98 -507 983 -854 -981
21 -524 -214 430 -143
-402 463 264 37 216
164 200 -366 888 779
[RUN #46 5 10]
-993 -814 214 -109 -689
334 -21 998 373 -471
-544 -150 -36 -454 509
-284 118 93 -50 415
567 798 525 435 677
-902 -651 905 298 604
435 -486 -724 -159 980
488 647 -375 590 -847
737 414 801 -567 727
-833 86 641 -463 365
[RUN #47 5 10]
617 370 210 594 262
-30 983 -792 -897 -970
-843 905 -276 622 649
44 360 593 453 950
-876 -651 839 -330 -65
-640 369 -733 752 -347
-35 463 240 297 -999
-599 -149 -679 -519 145
50 928 -83 541 509
-791 -301 -62 941 -962
[RUN #48 5 10]
707 -304 -499 -745 -279
414 408 976 -485 151
894 365 150 651 527
-785 -856 643 393 101
279 -134 -389 -811 482
22 -32 358 -566 352
-212 -852 230 345 -956
-166 439 547 -659 236
-209 866 147 -936 750
-56 -659 -228 -627 -245
[RUN #49 5 25]
-284 -819 -512 815 124
-406 729 -483 -961 -890
952 -619 419 -141 23
795 -345 -867 827 -276
-513 -427 -971 61 913
-397 659 243 63 43
-790 -940 67 829 922
469 -169 511 -452 221
-155 -760 910 -750 731
-249 820 930 -829 386
-617 -569 -282 53 212
-439 -319 111 405 -54
98 -651 -340 -406 381
896 -932 296 833 -618
-98 361 -1000 689 357
305 -73 -447 72 -924
-891 80 -233 -85 -496
-456 643 -260 145 400
-929 551 808 746 -793
100 470 328 568 923
938 947 817 -111 886
726 58 -309 -530 962
-516 782 107 574 -224
346 -866 -472 81 -770
468 586 835 -357 717
[RUN #50 5 100]
533 47 -842 -885 -307
997 89 -437 -417 848
834 -652 51 -248 -518
-391 970 892 -802 -440
-383 569 980 -52 -356
365 439 860 -76 -346
-450 -482 774 -96 708
954 -399 389 757 303
-981 -536 705 -311 58
-512 60 397 -182 -914
302 311 -680 847 -558
-732 -285 890 -235 -705
-393 551 711 -902 -63
428 416 -181 629 -794
-611 881 817 669 169
-325 -1000 678 -169 280
999 -740 -534 675 -443
489 -612 953 -199 6
307 283 430 -812 -561
-131 -721 -665 957 -531
-449 493 606 -155 258
964 613 -773 995 -47
-632 537 -141 -562 -219
-487 -640 213 -17 987
978 -85 655 -695 -974
636 -676 495 867 694
-574 -276 -676 -961 499
-748 747 325 -91 76
-192 -310 622 573 18
-818 913 -82 192 618
779 651 -824 -59 -231
108 717 -953 -832 858
540 -165 251 -624 740
996 -231 -480 540 409
368 -902 588 -608 -41
-618 551 -259 -224 -575
978 -329 941 -68 -120
540 364 948 536 704
-701 -124 -784 178 691
-717 -513 50 -958 -759
-819 556 927 955 719
-150 -801 -121 -560 -791
764 -926 574 604 -596
-934 -896 667 514 -253
-101 466 42 -872 624
-798 -98 -582 256 870
298 -145 798 -150 -726
-201 801 198 -197 -281
-805 220 505 -749 181
769 -417 -435 -73 -269
-786 691 -764 -716 -620
-260 490 -79 -960 -898
-257 395 124 -311 367
334 924 -996 788 -764
-501 136 935 -534 104
511 239 -5 -162 -894
-984 -225 -734 600 -564
-29 309 874 -220 -710
-550 389 -6 -848 17
-557 -400 574 -657 880
523 -21 689 -711 988
722 -765 906 -828 291
503 136 -831 529 194
-931 -296 103 -873 150
-769 -694 -390 -121 399
-278 -719 -488 271 548
847 687 725 -232 318
-70 190 891 623 -646
544 -229 381 -774 -494
82 -519 602 -351 506
-961 -105 -938 -64 609
-356 633 -246 680 -435
-313 -953 411 -711 963
236 -886 -94 961 -860
893 698 404 -835 -392
-121 808 -910 -265 -55
371 842 577 640 802
437 -569 -506 -309 995
273 322 367 -429 -610
987 466 632 6 -575
-501 625 -88 -365 770
-162 -448 -752 552 438
828 -46 -467 -295 -603
-148 -491 847 -508 -344
353 818 779 305 -767
-998 560 -716 -517 173
851 -625 -432 -871 426
-715 307 -237 71 21
-92 681 -442 -38 -65
257 63 -828 -606 -809
442 -974 197 -205 -545
870 875 -704 -746 87
963 -229 -642 786 987
-587 -158 -875 51 296
729 -492 902 -180 -499
96 -995 -835 -942 -537
-932 991 839 617 169
-250 -265 332 938 499
787 -582 -542 600 -379
-342 136 -205 397 -274
[RUN #51 5 100]
-370 286 695 189 -251
741 -879 342 454 -514
208 -873 -521 203 -172
220 985 -410 365 -781
401 183 150 -260 -184
855 -25 -21 -961 -85
826 892 70 750 -385
-6 -177 -106 49 802
-634 696 -220 443 -293
665 446 -605 462 212
983 -104 -838 454 -296
377 750 -61 -983 -487
987 787 267 269 825
-861 59 128 533 87
-756 -687 335 39 915
-163 443 -990 -132 164
-52 -111 987 686 853
-6 99 440 -128 432
192 60 -435 -491 -84
907 -174 554 -727 241
-346 735 248 146 -575
-818 -187 701 103 212
-33 143 8 665 -826
-118 431 692 712 -923
-911 479 -459 -220 776
26 719 -351 -2 432
-871 -696 -950 342 -910
-442 407 346 -411 -318
-335 -998 -242 -427 -174
0 -588 181 -674 -230
564 -108 791 262 678
220 585 -710 86 -227
56 936 934 168 886
-369 842 293 -655 -826
-221 766 140 -504 -123
35 545 -739 982 -706
-214 -903 690 667 299
-39 414 634 -677 465
185 811 -98 605 -580
45 -364 917 700 68
412 727 -400 -239 -729
-477 -687 -718 -854 397
-710 -332 397 -162 -199
73 292 -778 -747 -591
57 223 893 -588 -239
-621 -307 -923 -103 197
49 -16 480 -508 948
-848 -149 118 494 654
-293 -520 179 34 -115
-481 -927 760 -833 560
-115 -77 -346 -503 157
-757 -457 -524 -361 -252
-772 657 283 453 -703
417 -89 668 -758 -571
611 -738 -190 259 -285
352 -25 173 568 -447
601 918 134 -536 -628
435 178 569 -333 464
984 -754 -682 77 -383
-207 -827 463 120 232
-693 391 -117 133 -766
-833 -250 542 -654 237
203 -710 42 925 -752
-51 79 921 514 903
-672 700 841 182 -396
599 -800 -754 -542 -294
862 50 -370 -480 -944
-358 917 15 -315 946
-799 177 712 -485 110
581 349 440 -209 150
-862 -837 934 656 -709
834 897 -522 866 409
-643 -182 834 -847 782
912 -691 23 -309 324
-699 80 454 572 -384
-408 649 -91 -581 259
510 962 189 443 -729
702 -465 -932 667 -880
-48 -676 341 -967 224
704 -923 -957 599 644
-609 -316 -911 583 399
282 395 971 864 942
811 808 332 -260 792
996 -120 -627 -873 767
164 -848 77 -786 -757
-744 -103 1 -576 -937
-664 478 -559 19 635
697 740 790 337 -566
861 677 306 769 721
-453 -744 -400 -67 -531
-906 267 -341 761 -930
-237 709 -826 733 345
725 635 -46 738 -202
-574 980 98 -379 493
717 -757 857 992 394
-272 -470 -876 -689 372
219 -181 148 -943 826
-529 -763 -346 193 -676
-386 632 432 285 129
713 -914 858 609 440
[RUN #52 5 100]
-606 -629 869 -366 -191
-547 866 -240 275 659
-334 939 -638 695 230
-159 -623 650 -711 597
707 883 951 698 -542
-999 -660 -780 -470 -174
877 806 -125 -741 -856
786 225 -393 280 476
804 -183 -494 -97 732
834 -437 483 -83 -283
-866 -814 -881 274 732
-721 -834 266 -791 324
218 -148 -304 713 -847
487 414 382 -87 -496
415 -879 -130 204 209
-354 -842 -732 -29 732
613 -947 54 471 806
555 -980 523 -462 -12
610 -293 -159 -374 189
15 664 -22 40 268
-833 -41 389 585 225
-731 836 -20 -187 -355
519 456 -9 -187 -663
939 -851 -768 -667 299
-958 692 -100 -654 -254
824 -575 646 -667 119
770 -671 548 -30 723
145 -533 -337 -990 -926
-789 146 168 -388 -737
-580 -788 909 956 -229
362 137 -191 -646 907
277 -703 194 244 775
142 491 -541 703 70
664 -806 -801 98 -329
147 959 838 -230 143
-474 73 601 572 795
-951 -717 -487 -395 281
304 770 -768 -443 277
397 -24 -986 956 -83
-707 831 -664 189 -368
-733 495 668 -785 -800
768 659 142 -375 611
-933 985 24 592 -222
86 667 234 222 -373
-3 -708 713 -393 860
-910 -357 221 -473 -904
-384 73 -366 -391 785
135 425 -258 737 -317
984 219 709 176 590
-121 995 931 812 -376
94 -153 732 157 -58
-585 327 -920 -303 542
-914 9 -638 -215 -236
218 -813 -950 421 79
-257 788 -837 -727 -491
-784 -810 -527 -847 52
394 84 -459 -386 -530
671 -544 206 716 -205
741 820 -357 412 -534
-266 -146 557 960 -513
-399 949 821 814 -865
466 -487 500 294 -45
856 -412 -763 800 445
274 -546 760 272 889
361 -643 183 524 713
703 996 247 -87 -850
-712 351 389 -537 -271
276 -324 -909 -413 -863
-946 -152 -496 115 -172
-735 644 -796 82 -544
-676 -166 968 761 -553
-582 -194 -661 153 700
-670 -517 73 703 309
-549 -297 629 -327 264
119 -971 693 804 -788
-373 697 587 170 -404
154 -110 -260 -536 661
645 -176 716 -355 164
308 665 401 -420 -815
-648 186 581 -799 -926
495 -284 620 -519 270
-515 -856 53 380 -605
299 -669 -954 742 -721
697 -915 -467 853 -796
553 -599 -902 -966 -224
528 713 -816 -39 31
235 -569 455 398 917
-688 -535 -809 675 932
726 -622 357 386 239
-391 373 814 475 -653
-210 -448 375 678 531
-90 -387 -969 720 -487
774 571 -165 -235 301
-522 894 133 917 407
848 -487 -155 367 -44
-956 655 437 -442 -928
359 426 -608 897 671
-428 771 -713 545 -31
897 -974 -278 -950 -211
-906 -357 -147 -245 557
[RUN #53 5 100]
984 -998 265 105 -830
-629 910 651 -192 68
380 -665 -597 288 -109
-86 -507 -248 -744 -506
210 -924 560 178 225
-826 -457 384 522 -641
-993 570 -43 174 710
-940 -409 -106 -231 573
-626 -161 -963 -825 -561
-350 -491 -41 696 -234
637 -295 561 13 -497
-649 -212 218 884 -315
-493 -79 900 862 542
619 -478 391 260 892
945 584 761 101 -550
293 -966 -438 -748 -914
-906 -905 -858 -407 106
825 -958 603 757 290
-904 597 -871 805 -823
794 109 738 -934 -42
403 244 -832 448 766
-893 -831 501 957 727
794 609 -957 854 907
-766 -744 152 424 -299
-186 741 -601 227 298
-652 -484 -179 -240 -45
-380 171 -302 917 -276
774 1 -629 180 62
575 335 402 621 -701
537 -24 850 -663 -773
-926 -95 447 -354 467
-705 -459 871 815 541
-852 667 -310 -729 386
-911 -595 63 121 -192
-853 424 -281 -428 -400
-653 -810 474 -596 -713
-334 803 930 336 -421
634 -82 -754 -390 -887
721 464 -137 499 488
-109 54 428 -790 -707
-736 -470 572 627 -141
102 -463 327 -994 405
1 753 -984 530 957
317 353 436 492 -244
973 -327 -605 -657 923
583 99 -746 387 -901
-721 -966 71 -366 -822
849 -563 221 993 618
778 372 192 706 426
-57 -724 -499 -537 -686
-953 970 482 334 169
627 828 -657 941 -574
-147 -249 986 -11 12
321 -199 -28 -548 -326
-584 183 912 -658 74
-403 -253 -788 -530 289
-118 -726 319 -280 -284
999 -984 293 399 -721
841 456 -60 507 -267
584 778 174 -251 -863
-926 -707 719 -556 267
-38 -769 618 -614 28
234 126 526 -332 321
-585 839 509 -623 70
-111 -545 -86 216 648
657 72 -829 142 -885
-908 944 -731 401 -740
-843 635 458 -134 -69
-150 -832 -128 -802 646
-98 970 596 -846 -71
567 882 283 -835 301
232 -67 562 855 364
991 78 -436 -366 164
843 478 -649 342 997
-919 679 -340 999 -635
-66 -118 93 -27 -225
931 -63 -358 965 640
441 -872 253 -166 59
-902 -798 -649 -45 319
-618 744 552 21 135
457 -974 498 232 -430
490 929 -439 -846 279
202 -756 992 38 145
-843 -366 -112 433 -466
-242 -530 419 836 -895
-600 -339 -101 -758 -665
-993 629 -428 -959 138
-718 713 68 -920 791
344 853 -6 226 -390
-253 760 644 754 -739
-123 632 -333 475 -663
105 987 496 12 -142
269 15 -449 -556 40
442 693 -582 845 5
406 628 307 -459 127
767 -172 669 -408 557
-842 -466 421 -83 -425
892 -193 60 -837 -181
-399 21 880 244 -826
-727 -735 -627 -683 -570
[RUN #54 5 100]
-377 490 -385 792 508
117 402 243 -694 754
132 -430 -884 983 934
-133 -901 974 719 237
-491 -81 -716 -434 -486
-147 914 -342 -885 186
922 -886 878 -266 295
682 -382 248 987 -583
198 -121 486 726 817
39 -714 318 913 130
529 -617 -566 -803 188
-400 -155 334 -883 -618
-524 878 130 -908 -447
855 160 56 197 -40
933 687 645 -571 757
536 380 176 128 -280
901 758 727 777 -183
520 356 425 -682 -148
-38 -7 157 862 -617
105 942 -174 21 538
639 -794 -993 259 -977
-204 -912 254 647 293
-74 120 251 575 -855
-957 987 -300 902 -906
765 -967 664 -740 993
-607 -859 816 -673 -40
-854 -397 -452 -422 -342
530 -141 -2 -431 188
-995 -747 -434 -919 -663
317 -557 -487 673 -90
913 -913 447 213 940
601 84 -915 354 22
-232 984 272 -948 701
-338 298 -395 -453 -149
-899 319 580 -948 -327
-206 -526 699 -762 -505
-177 -408 349 9 767
63 -412 753 -540 695
-159 932 129 -3 -205
862 -434 -369 -949 722
605 772 346 409 -741
-794 -875 -51 209 234
-984 -694 73 -947 877
165 -963 813 619 -4
791 223 -965 650 -775
-860 808 369 -470 -419
-58 -901 -419 22 793
494 -537 264 -436 528
-266 -22 -229 -348 808
-220 225 -995 587 165
-481 -266 -377 -587 -178
702 60 -373 147 598
270 -934 649 -393 633
317 -656 -708 534 217
920 -119 214 -583 -769
772 -730 662 -344 485
657 -250 -629 -677 944
-725 -468 -547 -286 566
-700 927 -661 590 719
105 115 -785 -156 -383
348 -24 204 186 -777
-3 945 -595 298 -223
977 -638 315 -73 178
-418 -109 669 -783 -546
780 215 693 -348 -507
483 579 476 484 406
941 -928 266 395 -967
-311 -775 -882 -437 -533
-141 972 78 800 -411
-535 -999 160 790 321
-424 -768 913 -89 593
-406 127 -279 -402 -726
686 -768 -231 175 -989
-112 204 444 -454 -476
78 467 75 706 507
-546 61 -549 -912 700
-514 -776 906 -774 -232
192 -492 544 -527 95
-282 -147 -573 624 -802
332 866 -387 -436 -581
153 874 336 78 -6
-520 -124 435 -391 -748
-592 -384 742 -195 58
-299 221 -918 -185 533
-411 453 -372 -62 967
424 -17 829 210 748
-756 930 -885 -409 327
-968 447 -65 867 905
-450 -730 -527 -889 556
288 -941 -774 955 28
241 -450 -933 793 -722
-877 709 813 -556 963
-857 -391 719 -561 -951
196 -169 963 -664 -921
-368 13 -490 -648 103
884 127 -885 887 -404
718 227 488 -492 -582
-999 391 -404 -303 -940
833 -516 918 -42 -3
-610 -949 -821 76 -273
